\BOOKMARK [1][-]{section.1}{\376\377\122\115\212\000}{}% 1
\BOOKMARK [1][-]{section.2}{\376\377\000T\000e\000X\124\214\000L\000a\000T\000e\000X\166\204\123\206\123\362}{}% 2
\BOOKMARK [1][-]{section.3}{\376\377\201\352\133\146\215\104\145\231}{}% 3
\BOOKMARK [2][-]{subsection.3.1}{\376\377\121\145\225\350\145\131\172\013}{section.3}% 4
\BOOKMARK [2][-]{subsection.3.2}{\376\377\177\121\172\331}{section.3}% 5
\BOOKMARK [1][-]{section.4}{\376\377\145\207\150\143\176\323\147\204}{}% 6
\BOOKMARK [1][-]{section.5}{\376\377\127\372\147\054\124\175\116\344\124\214\163\257\130\203}{}% 7
\BOOKMARK [2][-]{subsection.5.1}{\376\377\230\230\166\356\060\001\117\134\200\005\124\214\145\345\147\037}{section.5}% 8
\BOOKMARK [2][-]{subsection.5.2}{\376\377\116\055\145\207\217\223\121\145}{section.5}% 9
\BOOKMARK [2][-]{subsection.5.3}{\376\377\153\265\204\075}{section.5}% 10
\BOOKMARK [2][-]{subsection.5.4}{\376\377\172\340\202\202}{section.5}% 11
\BOOKMARK [2][-]{subsection.5.5}{\376\377\122\027\116\076}{section.5}% 12
\BOOKMARK [2][-]{subsection.5.6}{\376\377\133\127\117\123}{section.5}% 13
\BOOKMARK [2][-]{subsection.5.7}{\376\377\162\171\153\212\133\127\173\046}{section.5}% 14
\BOOKMARK [2][-]{subsection.5.8}{\376\377\145\160\133\146\121\154\137\017}{section.5}% 15
\BOOKMARK [2][-]{subsection.5.9}{\376\377\210\150\150\074}{section.5}% 16
\BOOKMARK [2][-]{subsection.5.10}{\376\377\143\322\126\376}{section.5}% 17
\BOOKMARK [2][-]{subsection.5.11}{\376\377\123\302\200\003\145\207\163\056}{section.5}% 18
\BOOKMARK [2][-]{subsection.5.12}{\376\377\166\356\137\125}{section.5}% 19
\BOOKMARK [1][-]{section.6}{\376\377\201\352\133\232\116\111}{}% 20
\BOOKMARK [2][-]{subsection.6.1}{\376\377\152\041\147\177}{section.6}% 21
\BOOKMARK [2][-]{subsection.6.2}{\376\377\124\175\116\344}{section.6}% 22
\BOOKMARK [2][-]{subsection.6.3}{\376\377\163\257\130\203}{section.6}% 23
\BOOKMARK [2][-]{subsection.6.4}{\376\377\201\352\133\232\116\111\145\207\116\366}{section.6}% 24
\BOOKMARK [1][-]{section.7}{\376\377\145\207\150\143\176\304\176\307}{}% 25
\BOOKMARK [2][-]{subsection.7.1}{\376\377\133\211\210\305\152\041\147\177}{section.7}% 26
\BOOKMARK [2][-]{subsection.7.2}{\376\377\145\207\116\366\122\006\174\173\133\130\145\076}{section.7}% 27
\BOOKMARK [1][-]{section.8}{\376\377\176\323\213\355}{}% 28
